d:\курсовой\windowsforms\pc_shop\pc_shop\debug\vc142.pdb
d:\курсовой\windowsforms\pc_shop\pc_shop\debug\.netframework,version=v4.7.2.assemblyattributes.obj
d:\курсовой\windowsforms\pc_shop\pc_shop\debug\registration.obj
d:\курсовой\windowsforms\pc_shop\pc_shop\debug\main menu.obj
d:\курсовой\windowsforms\pc_shop\pc_shop\debug\autorization.obj
d:\курсовой\windowsforms\pc_shop\pc_shop\debug\basket.obj
d:\курсовой\windowsforms\pc_shop\debug\stdole.dll
d:\курсовой\windowsforms\pc_shop\debug\pc_shop.exe
d:\курсовой\windowsforms\pc_shop\debug\pc_shop.pdb
d:\курсовой\windowsforms\pc_shop\pc_shop\debug\pcshop.autorization.resources
d:\курсовой\windowsforms\pc_shop\pc_shop\debug\pcshop.main menu.resources
d:\курсовой\windowsforms\pc_shop\pc_shop\debug\pcshop.registration.resources
d:\курсовой\windowsforms\pc_shop\pc_shop\debug\pcshop.basket.resources
d:\курсовой\windowsforms\pc_shop\pc_shop\debug\pc_shop.tlog\cl.command.1.tlog
d:\курсовой\windowsforms\pc_shop\pc_shop\debug\pc_shop.tlog\cl.read.1.tlog
d:\курсовой\windowsforms\pc_shop\pc_shop\debug\pc_shop.tlog\cl.write.1.tlog
d:\курсовой\windowsforms\pc_shop\pc_shop\debug\pc_shop.tlog\copylocal.read.1u.tlog
d:\курсовой\windowsforms\pc_shop\pc_shop\debug\pc_shop.tlog\copylocal.write.1u.tlog
d:\курсовой\windowsforms\pc_shop\pc_shop\debug\pc_shop.tlog\link.command.1.tlog
d:\курсовой\windowsforms\pc_shop\pc_shop\debug\pc_shop.tlog\link.read.1.tlog
d:\курсовой\windowsforms\pc_shop\pc_shop\debug\pc_shop.tlog\link.write.1.tlog
d:\курсовой\windowsforms\pc_shop\pc_shop\debug\pc_shop.tlog\metagen.read.1.tlog
d:\курсовой\windowsforms\pc_shop\pc_shop\debug\pc_shop.tlog\metagen.write.1.tlog
d:\курсовой\windowsforms\pc_shop\pc_shop\debug\pc_shop.tlog\pc_shop.write.1u.tlog
